<?xml version="1.0" encoding="UTF-8"?>
<testng-results skipped="0" failed="0" total="1" passed="1">
  <reporter-output>
    <line>
      <![CDATA[WEB-1026, WEB-1038, WEB-1807<br>]]>
    </line>
    <line>
      <![CDATA[Logging in as Account Owner User: newaccowner1@gmail.com on Firefox on Windows<br>]]>
    </line>
    <line>
      <![CDATA[Waiting for element By.id: btnLoginSubmit to exist<br>]]>
    </line>
    <line>
      <![CDATA[Waiting for Ajax Refresh<br>]]>
    </line>
    <line>
      <![CDATA[Found Element By.id: btnLoginSubmit: true<br>]]>
    </line>
    <line>
      <![CDATA[Found Element: By.id: btnLoginSubmit<br>]]>
    </line>
    <line>
      <![CDATA[Waiting for Ajax Refresh<br>]]>
    </line>
    <line>
      <![CDATA[Attempting to type:newaccowner1@gmail.com inside By.selector: *[id='j_username']<br>]]>
    </line>
    <line>
      <![CDATA[Waiting for element By.selector: *[id='j_username'] to be visible<br>]]>
    </line>
    <line>
      <![CDATA[Waiting for Ajax Refresh<br>]]>
    </line>
    <line>
      <![CDATA[Found visible Element: By.selector: *[id='j_username']<br>]]>
    </line>
    <line>
      <![CDATA[Waiting for Ajax Refresh<br>]]>
    </line>
    <line>
      <![CDATA[Successfully typed:newaccowner1@gmail.com inside By.selector: *[id='j_username']<br>]]>
    </line>
    <line>
      <![CDATA[Waiting for Ajax Refresh<br>]]>
    </line>
    <line>
      <![CDATA[Attempting to type:synerzip123 inside By.id: j_password<br>]]>
    </line>
    <line>
      <![CDATA[Waiting for element By.id: j_password to be visible<br>]]>
    </line>
    <line>
      <![CDATA[Waiting for Ajax Refresh<br>]]>
    </line>
    <line>
      <![CDATA[Found visible Element: By.id: j_password<br>]]>
    </line>
    <line>
      <![CDATA[Waiting for Ajax Refresh<br>]]>
    </line>
    <line>
      <![CDATA[Successfully typed:synerzip123 inside By.id: j_password<br>]]>
    </line>
    <line>
      <![CDATA[Waiting for Ajax Refresh<br>]]>
    </line>
    <line>
      <![CDATA[Going to click on element using JS<br>]]>
    </line>
    <line>
      <![CDATA[Clicked on element using JS<br>]]>
    </line>
    <line>
      <![CDATA[Waiting for Ajax Refresh<br>]]>
    </line>
    <line>
      <![CDATA[Waiting for Ajax Refresh<br>]]>
    </line>
    <line>
      <![CDATA[Waiting for element By.xpath: //ul[@id='main-menu-right']//a[@class='dropdown-toggle'] to be visible<br>]]>
    </line>
    <line>
      <![CDATA[Waiting for Ajax Refresh<br>]]>
    </line>
    <line>
      <![CDATA[Found visible Element: By.xpath: //ul[@id='main-menu-right']//a[@class='dropdown-toggle']<br>]]>
    </line>
    <line>
      <![CDATA[Waiting for Ajax Refresh<br>]]>
    </line>
    <line>
      <![CDATA[Waiting for Ajax Refresh<br>]]>
    </line>
    <line>
      <![CDATA[Going to click on element using JS: By.xpath: //div[(@class='productName') and (contains(text(),'Check Point'))]<br>]]>
    </line>
    <line>
      <![CDATA[Clicked on element using JS: By.xpath: //div[(@class='productName') and (contains(text(),'Check Point'))]<br>]]>
    </line>
    <line>
      <![CDATA[Waiting for Ajax Refresh<br>]]>
    </line>
    <line>
      <![CDATA[Waiting for Ajax Refresh<br>]]>
    </line>
    <line>
      <![CDATA[Waiting for Ajax Refresh<br>]]>
    </line>
    <line>
      <![CDATA[Waiting for element By.xpath: //a[text()='Surveys'] to exist<br>]]>
    </line>
    <line>
      <![CDATA[Waiting for Ajax Refresh<br>]]>
    </line>
    <line>
      <![CDATA[Found Element By.xpath: //a[text()='Surveys']: true<br>]]>
    </line>
    <line>
      <![CDATA[Found Element: By.xpath: //a[text()='Surveys']<br>]]>
    </line>
    <line>
      <![CDATA[Waiting for element By.xpath: //a[text()='Notifications'] to exist<br>]]>
    </line>
    <line>
      <![CDATA[Waiting for Ajax Refresh<br>]]>
    </line>
    <line>
      <![CDATA[Found Element By.xpath: //a[text()='Notifications']: true<br>]]>
    </line>
    <line>
      <![CDATA[Found Element: By.xpath: //a[text()='Notifications']<br>]]>
    </line>
    <line>
      <![CDATA[Waiting for element By.xpath: //a[text()='Devices'] to exist<br>]]>
    </line>
    <line>
      <![CDATA[Waiting for Ajax Refresh<br>]]>
    </line>
    <line>
      <![CDATA[Found Element By.xpath: //a[text()='Devices']: true<br>]]>
    </line>
    <line>
      <![CDATA[Found Element: By.xpath: //a[text()='Devices']<br>]]>
    </line>
    <line>
      <![CDATA[Waiting for Ajax Refresh<br>]]>
    </line>
    <line>
      <![CDATA[Waiting for Ajax Refresh<br>]]>
    </line>
    <line>
      <![CDATA[Going to click on element using JS: By.xpath: //a[text()='Notifications']<br>]]>
    </line>
    <line>
      <![CDATA[Clicked on element using JS: By.xpath: //a[text()='Notifications']<br>]]>
    </line>
    <line>
      <![CDATA[Waiting for Ajax Refresh<br>]]>
    </line>
    <line>
      <![CDATA[Waiting for Ajax Refresh<br>]]>
    </line>
    <line>
      <![CDATA[Waiting for Ajax Refresh<br>]]>
    </line>
    <line>
      <![CDATA[Waiting for Ajax Refresh<br>]]>
    </line>
    <line>
      <![CDATA[Going to click on element using JS: By.selector: button.btn.addProductBtn<br>]]>
    </line>
    <line>
      <![CDATA[Clicked on element using JS: By.selector: button.btn.addProductBtn<br>]]>
    </line>
    <line>
      <![CDATA[Waiting for Ajax Refresh<br>]]>
    </line>
    <line>
      <![CDATA[Waiting for Ajax Refresh<br>]]>
    </line>
    <line>
      <![CDATA[Waiting for Ajax Refresh<br>]]>
    </line>
    <line>
      <![CDATA[Waiting for Ajax Refresh<br>]]>
    </line>
    <line>
      <![CDATA[Going to click on element using JS: By.id: modalSave<br>]]>
    </line>
    <line>
      <![CDATA[Clicked on element using JS: By.id: modalSave<br>]]>
    </line>
    <line>
      <![CDATA[Waiting for Ajax Refresh<br>]]>
    </line>
    <line>
      <![CDATA[Waiting for Ajax Refresh<br>]]>
    </line>
    <line>
      <![CDATA[Waiting for Ajax Refresh<br>]]>
    </line>
    <line>
      <![CDATA[Value of 'value' attribute retrieved from element: By.xpath: //tr[@class='mdDetailInput']//td[contains(@class,'error')]/input[@id='name']/following-sibling::input[contains(@class,'error')] is: Name is required.<br>]]>
    </line>
    <line>
      <![CDATA[Waiting for Ajax Refresh<br>]]>
    </line>
    <line>
      <![CDATA[Value of 'value' attribute retrieved from element: By.xpath: //tr[@class='mdDetailInput']//td[contains(@class,'error')]/input[@id='phoneNo']/following-sibling::input[contains(@class,'error')] is: Phone number is required<br>]]>
    </line>
    <line>
      <![CDATA[Waiting for Ajax Refresh<br>]]>
    </line>
    <line>
      <![CDATA[Value of 'value' attribute retrieved from element: By.xpath: //tr[@class='mdDetailInput']//td[contains(@class,'error')]/select[@id='status']/following-sibling::input[contains(@class,'error')] is: Status is required<br>]]>
    </line>
    <line>
      <![CDATA[Waiting for Ajax Refresh<br>]]>
    </line>
    <line>
      <![CDATA[Waiting for Ajax Refresh<br>]]>
    </line>
    <line>
      <![CDATA[Going to click on element using JS: By.id: modalCancel<br>]]>
    </line>
    <line>
      <![CDATA[Clicked on element using JS: By.id: modalCancel<br>]]>
    </line>
    <line>
      <![CDATA[Waiting for Ajax Refresh<br>]]>
    </line>
    <line>
      <![CDATA[Waiting for Ajax Refresh<br>]]>
    </line>
    <line>
      <![CDATA[...testing WEB-1038, WEB-1807<br>]]>
    </line>
    <line>
      <![CDATA[Waiting for Ajax Refresh<br>]]>
    </line>
    <line>
      <![CDATA[Waiting for Ajax Refresh<br>]]>
    </line>
    <line>
      <![CDATA[Going to click on element using JS: By.selector: button.btn.addProductBtn<br>]]>
    </line>
    <line>
      <![CDATA[Clicked on element using JS: By.selector: button.btn.addProductBtn<br>]]>
    </line>
    <line>
      <![CDATA[Waiting for Ajax Refresh<br>]]>
    </line>
    <line>
      <![CDATA[Waiting for Ajax Refresh<br>]]>
    </line>
    <line>
      <![CDATA[Waiting for Ajax Refresh<br>]]>
    </line>
    <line>
      <![CDATA[Waiting for Ajax Refresh<br>]]>
    </line>
    <line>
      <![CDATA[Going to click on element using JS: By.xpath: //*[@id='name']<br>]]>
    </line>
    <line>
      <![CDATA[Clicked on element using JS: By.xpath: //*[@id='name']<br>]]>
    </line>
    <line>
      <![CDATA[Waiting for Ajax Refresh<br>]]>
    </line>
    <line>
      <![CDATA[Waiting for Ajax Refresh<br>]]>
    </line>
    <line>
      <![CDATA[Waiting for Ajax Refresh<br>]]>
    </line>
    <line>
      <![CDATA[Attempting to type:AutomationPM379535 inside By.xpath: //*[@id='name']<br>]]>
    </line>
    <line>
      <![CDATA[Waiting for element By.xpath: //*[@id='name'] to be visible<br>]]>
    </line>
    <line>
      <![CDATA[Waiting for Ajax Refresh<br>]]>
    </line>
    <line>
      <![CDATA[Found visible Element: By.xpath: //*[@id='name']<br>]]>
    </line>
    <line>
      <![CDATA[Waiting for Ajax Refresh<br>]]>
    </line>
    <line>
      <![CDATA[Successfully typed:AutomationPM379535 inside By.xpath: //*[@id='name']<br>]]>
    </line>
    <line>
      <![CDATA[Changing status to ACTIVE<br>]]>
    </line>
    <line>
      <![CDATA[Waiting for Ajax Refresh<br>]]>
    </line>
    <line>
      <![CDATA[Waiting for Ajax Refresh<br>]]>
    </line>
    <line>
      <![CDATA[Going to click on element using JS: By.xpath: //*[@id='status']<br>]]>
    </line>
    <line>
      <![CDATA[Clicked on element using JS: By.xpath: //*[@id='status']<br>]]>
    </line>
    <line>
      <![CDATA[Waiting for Ajax Refresh<br>]]>
    </line>
    <line>
      <![CDATA[Waiting for Ajax Refresh<br>]]>
    </line>
    <line>
      <![CDATA[Waiting for Ajax Refresh<br>]]>
    </line>
    <line>
      <![CDATA[Waiting for Ajax Refresh<br>]]>
    </line>
    <line>
      <![CDATA[Going to click on element using JS: By.xpath: //*[@id='phoneNo']<br>]]>
    </line>
    <line>
      <![CDATA[Clicked on element using JS: By.xpath: //*[@id='phoneNo']<br>]]>
    </line>
    <line>
      <![CDATA[Waiting for Ajax Refresh<br>]]>
    </line>
    <line>
      <![CDATA[Waiting for Ajax Refresh<br>]]>
    </line>
    <line>
      <![CDATA[Waiting for Ajax Refresh<br>]]>
    </line>
    <line>
      <![CDATA[Attempting to type:1759032297123 inside By.xpath: //*[@id='phoneNo']<br>]]>
    </line>
    <line>
      <![CDATA[Waiting for element By.xpath: //*[@id='phoneNo'] to be visible<br>]]>
    </line>
    <line>
      <![CDATA[Waiting for Ajax Refresh<br>]]>
    </line>
    <line>
      <![CDATA[Found visible Element: By.xpath: //*[@id='phoneNo']<br>]]>
    </line>
    <line>
      <![CDATA[Waiting for Ajax Refresh<br>]]>
    </line>
    <line>
      <![CDATA[Successfully typed:1759032297123 inside By.xpath: //*[@id='phoneNo']<br>]]>
    </line>
    <line>
      <![CDATA[Waiting for Ajax Refresh<br>]]>
    </line>
    <line>
      <![CDATA[Value of 'value' attribute retrieved from element: By.xpath: //*[@id='phoneNo'] is: 175.903.2297<br>]]>
    </line>
    <line>
      <![CDATA[Waiting for Ajax Refresh<br>]]>
    </line>
    <line>
      <![CDATA[Waiting for Ajax Refresh<br>]]>
    </line>
    <line>
      <![CDATA[Going to click on element using JS: By.id: modalSave<br>]]>
    </line>
    <line>
      <![CDATA[Clicked on element using JS: By.id: modalSave<br>]]>
    </line>
    <line>
      <![CDATA[Waiting for Ajax Refresh<br>]]>
    </line>
    <line>
      <![CDATA[Waiting for Ajax Refresh<br>]]>
    </line>
    <line>
      <![CDATA[Waiting for element By.xpath: //table[@class='mdDetailTable']//input[@value='AutomationPM379535'] to be visible<br>]]>
    </line>
    <line>
      <![CDATA[Waiting for Ajax Refresh<br>]]>
    </line>
    <line>
      <![CDATA[Found visible Element: By.xpath: //table[@class='mdDetailTable']//input[@value='AutomationPM379535']<br>]]>
    </line>
    <line>
      <![CDATA[Waiting for element By.xpath: //table[@class='mdDetailTable']//input[@value='1759032297'] to be visible<br>]]>
    </line>
    <line>
      <![CDATA[Waiting for Ajax Refresh<br>]]>
    </line>
    <line>
      <![CDATA[Found visible Element: By.xpath: //table[@class='mdDetailTable']//input[@value='1759032297']<br>]]>
    </line>
    <line>
      <![CDATA[Waiting for Ajax Refresh<br>]]>
    </line>
    <line>
      <![CDATA[Waiting for Ajax Refresh<br>]]>
    </line>
    <line>
      <![CDATA[Going to click on element using JS: By.selector: a.dropdown-toggle<br>]]>
    </line>
    <line>
      <![CDATA[Clicked on element using JS: By.selector: a.dropdown-toggle<br>]]>
    </line>
    <line>
      <![CDATA[Waiting for Ajax Refresh<br>]]>
    </line>
    <line>
      <![CDATA[Waiting for Ajax Refresh<br>]]>
    </line>
    <line>
      <![CDATA[Waiting for Ajax Refresh<br>]]>
    </line>
    <line>
      <![CDATA[Waiting for Ajax Refresh<br>]]>
    </line>
    <line>
      <![CDATA[Going to click on element using JS: By.xpath: //ul[@class='dropdown-menu']//li/a[contains(text(),' Out')]<br>]]>
    </line>
    <line>
      <![CDATA[Clicked on element using JS: By.xpath: //ul[@class='dropdown-menu']//li/a[contains(text(),' Out')]<br>]]>
    </line>
    <line>
      <![CDATA[Waiting for Ajax Refresh<br>]]>
    </line>
    <line>
      <![CDATA[Waiting for Ajax Refresh<br>]]>
    </line>
    <line>
      <![CDATA[Signed Out<br>]]>
    </line>
  </reporter-output>
  <suite name="LRS2_0" duration-ms="68684" started-at="2014-08-26T04:29:53Z" finished-at="2014-08-26T04:31:02Z">
    <groups>
    </groups>
    <test name="LRS2.0_AllTests" duration-ms="68684" started-at="2014-08-26T04:29:53Z" finished-at="2014-08-26T04:31:02Z">
      <class name="LRS2_0.runTests">
        <test-method status="PASS" signature="initSuite()[pri:0, instance:LRS2_0.runTests@ea4a92b]" name="initSuite" is-config="true" duration-ms="7811" started-at="2014-08-26T09:59:45Z" finished-at="2014-08-26T09:59:53Z">
          <reporter-output>
          </reporter-output>
        </test-method> <!-- initSuite -->
        <test-method status="PASS" signature="initTest()[pri:0, instance:LRS2_0.runTests@ea4a92b]" name="initTest" is-config="true" duration-ms="1" started-at="2014-08-26T09:59:53Z" finished-at="2014-08-26T09:59:53Z">
          <reporter-output>
          </reporter-output>
        </test-method> <!-- initTest -->
        <test-method status="PASS" signature="WEB_1026__WEB_1038__WEB_1807()[pri:0, instance:LRS2_0.runTests@ea4a92b]" name="WEB_1026__WEB_1038__WEB_1807" duration-ms="64902" started-at="2014-08-26T09:59:53Z" finished-at="2014-08-26T10:00:58Z">
          <reporter-output>
            <line>
              <![CDATA[WEB-1026, WEB-1038, WEB-1807<br>]]>
            </line>
            <line>
              <![CDATA[Logging in as Account Owner User: newaccowner1@gmail.com on Firefox on Windows<br>]]>
            </line>
            <line>
              <![CDATA[Waiting for element By.id: btnLoginSubmit to exist<br>]]>
            </line>
            <line>
              <![CDATA[Waiting for Ajax Refresh<br>]]>
            </line>
            <line>
              <![CDATA[Found Element By.id: btnLoginSubmit: true<br>]]>
            </line>
            <line>
              <![CDATA[Found Element: By.id: btnLoginSubmit<br>]]>
            </line>
            <line>
              <![CDATA[Waiting for Ajax Refresh<br>]]>
            </line>
            <line>
              <![CDATA[Attempting to type:newaccowner1@gmail.com inside By.selector: *[id='j_username']<br>]]>
            </line>
            <line>
              <![CDATA[Waiting for element By.selector: *[id='j_username'] to be visible<br>]]>
            </line>
            <line>
              <![CDATA[Waiting for Ajax Refresh<br>]]>
            </line>
            <line>
              <![CDATA[Found visible Element: By.selector: *[id='j_username']<br>]]>
            </line>
            <line>
              <![CDATA[Waiting for Ajax Refresh<br>]]>
            </line>
            <line>
              <![CDATA[Successfully typed:newaccowner1@gmail.com inside By.selector: *[id='j_username']<br>]]>
            </line>
            <line>
              <![CDATA[Waiting for Ajax Refresh<br>]]>
            </line>
            <line>
              <![CDATA[Attempting to type:synerzip123 inside By.id: j_password<br>]]>
            </line>
            <line>
              <![CDATA[Waiting for element By.id: j_password to be visible<br>]]>
            </line>
            <line>
              <![CDATA[Waiting for Ajax Refresh<br>]]>
            </line>
            <line>
              <![CDATA[Found visible Element: By.id: j_password<br>]]>
            </line>
            <line>
              <![CDATA[Waiting for Ajax Refresh<br>]]>
            </line>
            <line>
              <![CDATA[Successfully typed:synerzip123 inside By.id: j_password<br>]]>
            </line>
            <line>
              <![CDATA[Waiting for Ajax Refresh<br>]]>
            </line>
            <line>
              <![CDATA[Going to click on element using JS<br>]]>
            </line>
            <line>
              <![CDATA[Clicked on element using JS<br>]]>
            </line>
            <line>
              <![CDATA[Waiting for Ajax Refresh<br>]]>
            </line>
            <line>
              <![CDATA[Waiting for Ajax Refresh<br>]]>
            </line>
            <line>
              <![CDATA[Waiting for element By.xpath: //ul[@id='main-menu-right']//a[@class='dropdown-toggle'] to be visible<br>]]>
            </line>
            <line>
              <![CDATA[Waiting for Ajax Refresh<br>]]>
            </line>
            <line>
              <![CDATA[Found visible Element: By.xpath: //ul[@id='main-menu-right']//a[@class='dropdown-toggle']<br>]]>
            </line>
            <line>
              <![CDATA[Waiting for Ajax Refresh<br>]]>
            </line>
            <line>
              <![CDATA[Waiting for Ajax Refresh<br>]]>
            </line>
            <line>
              <![CDATA[Going to click on element using JS: By.xpath: //div[(@class='productName') and (contains(text(),'Check Point'))]<br>]]>
            </line>
            <line>
              <![CDATA[Clicked on element using JS: By.xpath: //div[(@class='productName') and (contains(text(),'Check Point'))]<br>]]>
            </line>
            <line>
              <![CDATA[Waiting for Ajax Refresh<br>]]>
            </line>
            <line>
              <![CDATA[Waiting for Ajax Refresh<br>]]>
            </line>
            <line>
              <![CDATA[Waiting for Ajax Refresh<br>]]>
            </line>
            <line>
              <![CDATA[Waiting for element By.xpath: //a[text()='Surveys'] to exist<br>]]>
            </line>
            <line>
              <![CDATA[Waiting for Ajax Refresh<br>]]>
            </line>
            <line>
              <![CDATA[Found Element By.xpath: //a[text()='Surveys']: true<br>]]>
            </line>
            <line>
              <![CDATA[Found Element: By.xpath: //a[text()='Surveys']<br>]]>
            </line>
            <line>
              <![CDATA[Waiting for element By.xpath: //a[text()='Notifications'] to exist<br>]]>
            </line>
            <line>
              <![CDATA[Waiting for Ajax Refresh<br>]]>
            </line>
            <line>
              <![CDATA[Found Element By.xpath: //a[text()='Notifications']: true<br>]]>
            </line>
            <line>
              <![CDATA[Found Element: By.xpath: //a[text()='Notifications']<br>]]>
            </line>
            <line>
              <![CDATA[Waiting for element By.xpath: //a[text()='Devices'] to exist<br>]]>
            </line>
            <line>
              <![CDATA[Waiting for Ajax Refresh<br>]]>
            </line>
            <line>
              <![CDATA[Found Element By.xpath: //a[text()='Devices']: true<br>]]>
            </line>
            <line>
              <![CDATA[Found Element: By.xpath: //a[text()='Devices']<br>]]>
            </line>
            <line>
              <![CDATA[Waiting for Ajax Refresh<br>]]>
            </line>
            <line>
              <![CDATA[Waiting for Ajax Refresh<br>]]>
            </line>
            <line>
              <![CDATA[Going to click on element using JS: By.xpath: //a[text()='Notifications']<br>]]>
            </line>
            <line>
              <![CDATA[Clicked on element using JS: By.xpath: //a[text()='Notifications']<br>]]>
            </line>
            <line>
              <![CDATA[Waiting for Ajax Refresh<br>]]>
            </line>
            <line>
              <![CDATA[Waiting for Ajax Refresh<br>]]>
            </line>
            <line>
              <![CDATA[Waiting for Ajax Refresh<br>]]>
            </line>
            <line>
              <![CDATA[Waiting for Ajax Refresh<br>]]>
            </line>
            <line>
              <![CDATA[Going to click on element using JS: By.selector: button.btn.addProductBtn<br>]]>
            </line>
            <line>
              <![CDATA[Clicked on element using JS: By.selector: button.btn.addProductBtn<br>]]>
            </line>
            <line>
              <![CDATA[Waiting for Ajax Refresh<br>]]>
            </line>
            <line>
              <![CDATA[Waiting for Ajax Refresh<br>]]>
            </line>
            <line>
              <![CDATA[Waiting for Ajax Refresh<br>]]>
            </line>
            <line>
              <![CDATA[Waiting for Ajax Refresh<br>]]>
            </line>
            <line>
              <![CDATA[Going to click on element using JS: By.id: modalSave<br>]]>
            </line>
            <line>
              <![CDATA[Clicked on element using JS: By.id: modalSave<br>]]>
            </line>
            <line>
              <![CDATA[Waiting for Ajax Refresh<br>]]>
            </line>
            <line>
              <![CDATA[Waiting for Ajax Refresh<br>]]>
            </line>
            <line>
              <![CDATA[Waiting for Ajax Refresh<br>]]>
            </line>
            <line>
              <![CDATA[Value of 'value' attribute retrieved from element: By.xpath: //tr[@class='mdDetailInput']//td[contains(@class,'error')]/input[@id='name']/following-sibling::input[contains(@class,'error')] is: Name is required.<br>]]>
            </line>
            <line>
              <![CDATA[Waiting for Ajax Refresh<br>]]>
            </line>
            <line>
              <![CDATA[Value of 'value' attribute retrieved from element: By.xpath: //tr[@class='mdDetailInput']//td[contains(@class,'error')]/input[@id='phoneNo']/following-sibling::input[contains(@class,'error')] is: Phone number is required<br>]]>
            </line>
            <line>
              <![CDATA[Waiting for Ajax Refresh<br>]]>
            </line>
            <line>
              <![CDATA[Value of 'value' attribute retrieved from element: By.xpath: //tr[@class='mdDetailInput']//td[contains(@class,'error')]/select[@id='status']/following-sibling::input[contains(@class,'error')] is: Status is required<br>]]>
            </line>
            <line>
              <![CDATA[Waiting for Ajax Refresh<br>]]>
            </line>
            <line>
              <![CDATA[Waiting for Ajax Refresh<br>]]>
            </line>
            <line>
              <![CDATA[Going to click on element using JS: By.id: modalCancel<br>]]>
            </line>
            <line>
              <![CDATA[Clicked on element using JS: By.id: modalCancel<br>]]>
            </line>
            <line>
              <![CDATA[Waiting for Ajax Refresh<br>]]>
            </line>
            <line>
              <![CDATA[Waiting for Ajax Refresh<br>]]>
            </line>
            <line>
              <![CDATA[...testing WEB-1038, WEB-1807<br>]]>
            </line>
            <line>
              <![CDATA[Waiting for Ajax Refresh<br>]]>
            </line>
            <line>
              <![CDATA[Waiting for Ajax Refresh<br>]]>
            </line>
            <line>
              <![CDATA[Going to click on element using JS: By.selector: button.btn.addProductBtn<br>]]>
            </line>
            <line>
              <![CDATA[Clicked on element using JS: By.selector: button.btn.addProductBtn<br>]]>
            </line>
            <line>
              <![CDATA[Waiting for Ajax Refresh<br>]]>
            </line>
            <line>
              <![CDATA[Waiting for Ajax Refresh<br>]]>
            </line>
            <line>
              <![CDATA[Waiting for Ajax Refresh<br>]]>
            </line>
            <line>
              <![CDATA[Waiting for Ajax Refresh<br>]]>
            </line>
            <line>
              <![CDATA[Going to click on element using JS: By.xpath: //*[@id='name']<br>]]>
            </line>
            <line>
              <![CDATA[Clicked on element using JS: By.xpath: //*[@id='name']<br>]]>
            </line>
            <line>
              <![CDATA[Waiting for Ajax Refresh<br>]]>
            </line>
            <line>
              <![CDATA[Waiting for Ajax Refresh<br>]]>
            </line>
            <line>
              <![CDATA[Waiting for Ajax Refresh<br>]]>
            </line>
            <line>
              <![CDATA[Attempting to type:AutomationPM379535 inside By.xpath: //*[@id='name']<br>]]>
            </line>
            <line>
              <![CDATA[Waiting for element By.xpath: //*[@id='name'] to be visible<br>]]>
            </line>
            <line>
              <![CDATA[Waiting for Ajax Refresh<br>]]>
            </line>
            <line>
              <![CDATA[Found visible Element: By.xpath: //*[@id='name']<br>]]>
            </line>
            <line>
              <![CDATA[Waiting for Ajax Refresh<br>]]>
            </line>
            <line>
              <![CDATA[Successfully typed:AutomationPM379535 inside By.xpath: //*[@id='name']<br>]]>
            </line>
            <line>
              <![CDATA[Changing status to ACTIVE<br>]]>
            </line>
            <line>
              <![CDATA[Waiting for Ajax Refresh<br>]]>
            </line>
            <line>
              <![CDATA[Waiting for Ajax Refresh<br>]]>
            </line>
            <line>
              <![CDATA[Going to click on element using JS: By.xpath: //*[@id='status']<br>]]>
            </line>
            <line>
              <![CDATA[Clicked on element using JS: By.xpath: //*[@id='status']<br>]]>
            </line>
            <line>
              <![CDATA[Waiting for Ajax Refresh<br>]]>
            </line>
            <line>
              <![CDATA[Waiting for Ajax Refresh<br>]]>
            </line>
            <line>
              <![CDATA[Waiting for Ajax Refresh<br>]]>
            </line>
            <line>
              <![CDATA[Waiting for Ajax Refresh<br>]]>
            </line>
            <line>
              <![CDATA[Going to click on element using JS: By.xpath: //*[@id='phoneNo']<br>]]>
            </line>
            <line>
              <![CDATA[Clicked on element using JS: By.xpath: //*[@id='phoneNo']<br>]]>
            </line>
            <line>
              <![CDATA[Waiting for Ajax Refresh<br>]]>
            </line>
            <line>
              <![CDATA[Waiting for Ajax Refresh<br>]]>
            </line>
            <line>
              <![CDATA[Waiting for Ajax Refresh<br>]]>
            </line>
            <line>
              <![CDATA[Attempting to type:1759032297123 inside By.xpath: //*[@id='phoneNo']<br>]]>
            </line>
            <line>
              <![CDATA[Waiting for element By.xpath: //*[@id='phoneNo'] to be visible<br>]]>
            </line>
            <line>
              <![CDATA[Waiting for Ajax Refresh<br>]]>
            </line>
            <line>
              <![CDATA[Found visible Element: By.xpath: //*[@id='phoneNo']<br>]]>
            </line>
            <line>
              <![CDATA[Waiting for Ajax Refresh<br>]]>
            </line>
            <line>
              <![CDATA[Successfully typed:1759032297123 inside By.xpath: //*[@id='phoneNo']<br>]]>
            </line>
            <line>
              <![CDATA[Waiting for Ajax Refresh<br>]]>
            </line>
            <line>
              <![CDATA[Value of 'value' attribute retrieved from element: By.xpath: //*[@id='phoneNo'] is: 175.903.2297<br>]]>
            </line>
            <line>
              <![CDATA[Waiting for Ajax Refresh<br>]]>
            </line>
            <line>
              <![CDATA[Waiting for Ajax Refresh<br>]]>
            </line>
            <line>
              <![CDATA[Going to click on element using JS: By.id: modalSave<br>]]>
            </line>
            <line>
              <![CDATA[Clicked on element using JS: By.id: modalSave<br>]]>
            </line>
            <line>
              <![CDATA[Waiting for Ajax Refresh<br>]]>
            </line>
            <line>
              <![CDATA[Waiting for Ajax Refresh<br>]]>
            </line>
            <line>
              <![CDATA[Waiting for element By.xpath: //table[@class='mdDetailTable']//input[@value='AutomationPM379535'] to be visible<br>]]>
            </line>
            <line>
              <![CDATA[Waiting for Ajax Refresh<br>]]>
            </line>
            <line>
              <![CDATA[Found visible Element: By.xpath: //table[@class='mdDetailTable']//input[@value='AutomationPM379535']<br>]]>
            </line>
            <line>
              <![CDATA[Waiting for element By.xpath: //table[@class='mdDetailTable']//input[@value='1759032297'] to be visible<br>]]>
            </line>
            <line>
              <![CDATA[Waiting for Ajax Refresh<br>]]>
            </line>
            <line>
              <![CDATA[Found visible Element: By.xpath: //table[@class='mdDetailTable']//input[@value='1759032297']<br>]]>
            </line>
          </reporter-output>
        </test-method> <!-- WEB_1026__WEB_1038__WEB_1807 -->
        <test-method status="PASS" signature="cleanupTest(org.testng.ITestResult)[pri:0, instance:LRS2_0.runTests@ea4a92b]" name="cleanupTest" is-config="true" duration-ms="3766" started-at="2014-08-26T10:00:58Z" finished-at="2014-08-26T10:01:02Z">
          <params>
            <param index="0">
              <value>
                <![CDATA[[TestResult name=WEB_1026__WEB_1038__WEB_1807 status=SUCCESS method=runTests.WEB_1026__WEB_1038__WEB_1807()[pri:0, instance:LRS2_0.runTests@ea4a92b] output=WEB-1026, WEB-1038, WEB-1807<br>]]]>
              </value>
            </param>
          </params>
          <reporter-output>
            <line>
              <![CDATA[Waiting for Ajax Refresh<br>]]>
            </line>
            <line>
              <![CDATA[Waiting for Ajax Refresh<br>]]>
            </line>
            <line>
              <![CDATA[Going to click on element using JS: By.selector: a.dropdown-toggle<br>]]>
            </line>
            <line>
              <![CDATA[Clicked on element using JS: By.selector: a.dropdown-toggle<br>]]>
            </line>
            <line>
              <![CDATA[Waiting for Ajax Refresh<br>]]>
            </line>
            <line>
              <![CDATA[Waiting for Ajax Refresh<br>]]>
            </line>
            <line>
              <![CDATA[Waiting for Ajax Refresh<br>]]>
            </line>
            <line>
              <![CDATA[Waiting for Ajax Refresh<br>]]>
            </line>
            <line>
              <![CDATA[Going to click on element using JS: By.xpath: //ul[@class='dropdown-menu']//li/a[contains(text(),' Out')]<br>]]>
            </line>
            <line>
              <![CDATA[Clicked on element using JS: By.xpath: //ul[@class='dropdown-menu']//li/a[contains(text(),' Out')]<br>]]>
            </line>
            <line>
              <![CDATA[Waiting for Ajax Refresh<br>]]>
            </line>
            <line>
              <![CDATA[Waiting for Ajax Refresh<br>]]>
            </line>
            <line>
              <![CDATA[Signed Out<br>]]>
            </line>
          </reporter-output>
        </test-method> <!-- cleanupTest -->
        <test-method status="PASS" signature="cleanSuite()[pri:0, instance:LRS2_0.runTests@ea4a92b]" name="cleanSuite" is-config="true" duration-ms="155" started-at="2014-08-26T10:01:02Z" finished-at="2014-08-26T10:01:02Z">
          <reporter-output>
          </reporter-output>
        </test-method> <!-- cleanSuite -->
      </class> <!-- LRS2_0.runTests -->
    </test> <!-- LRS2.0_AllTests -->
  </suite> <!-- LRS2_0 -->
</testng-results>
